[01m[K/home/yyj/my_ws/src/cart_park_autonomy/src/gotocart_behavior.cpp:1:10:[m[K [01;31m[Kfatal error: [m[Kgotocart_behavior.h: No such file or directory
    1 | #include [01;31m[K"gotocart_behavior.h"[m[K
      |          [01;31m[K^~~~~~~~~~~~~~~~~~~~~[m[K
compilation terminated.
gmake[2]: *** [CMakeFiles/autonomy_node.dir/build.make:104: CMakeFiles/autonomy_node.dir/src/gotocart_behavior.cpp.o] Error 1
gmake[2]: *** Waiting for unfinished jobs....
In file included from [01m[K/opt/ros/humble/include/rclcpp/rclcpp/logging.hpp:24[m[K,
                 from [01m[K/opt/ros/humble/include/rclcpp/rclcpp/client.hpp:40[m[K,
                 from [01m[K/opt/ros/humble/include/rclcpp/rclcpp/callback_group.hpp:24[m[K,
                 from [01m[K/opt/ros/humble/include/rclcpp/rclcpp/any_executable.hpp:20[m[K,
                 from [01m[K/opt/ros/humble/include/rclcpp/rclcpp/memory_strategy.hpp:25[m[K,
                 from [01m[K/opt/ros/humble/include/rclcpp/rclcpp/memory_strategies.hpp:18[m[K,
                 from [01m[K/opt/ros/humble/include/rclcpp/rclcpp/executor_options.hpp:20[m[K,
                 from [01m[K/opt/ros/humble/include/rclcpp/rclcpp/executor.hpp:37[m[K,
                 from [01m[K/opt/ros/humble/include/rclcpp/rclcpp/executors/multi_threaded_executor.hpp:25[m[K,
                 from [01m[K/opt/ros/humble/include/rclcpp/rclcpp/executors.hpp:21[m[K,
                 from [01m[K/opt/ros/humble/include/rclcpp/rclcpp/rclcpp.hpp:155[m[K,
                 from [01m[K/home/yyj/my_ws/src/cart_park_autonomy/include/dockcart_behavior.hpp:1[m[K,
                 from [01m[K/home/yyj/my_ws/src/cart_park_autonomy/src/dockcart_behavior.cpp:1[m[K:
[01m[K/home/yyj/my_ws/src/cart_park_autonomy/src/dockcart_behavior.cpp:[m[K In member function â€˜[01m[Kvirtual BT::NodeStatus DockCart::onRunning()[m[Kâ€™:
[01m[K/home/yyj/my_ws/src/cart_park_autonomy/src/dockcart_behavior.cpp:57:42:[m[K [01;35m[Kwarning: [m[Kformat â€˜[01m[K%s[m[Kâ€™ expects argument of type â€˜[01m[Kchar*[m[Kâ€™, but argument 5 has type â€˜[01m[Kconst string[m[Kâ€™ {aka â€˜[01m[Kconst std::__cxx11::basic_string<char>[m[Kâ€™} [[01;35m[K]8;;https://gcc.gnu.org/onlinedocs/gcc/Warning-Options.html#index-Wformat=-Wformat=]8;;[m[K]
   57 |     RCLCPP_INFO(node_ptr_->get_logger(), [01;35m[K"[%s] DOCK SUCCESS\n"[m[K, this->name());
      |                                          [01;35m[K^~~~~~~~~~~~~~~~~~~~~[m[K
[01m[K/home/yyj/my_ws/src/cart_park_autonomy/src/dockcart_behavior.cpp:57:45:[m[K [01;36m[Knote: [m[Kformat string is defined here
   57 |     RCLCPP_INFO(node_ptr_->get_logger(), "[[01;36m[K%s[m[K] DOCK SUCCESS\n", this->name());
      |                                            [01;36m[K~^[m[K
      |                                             [01;36m[K|[m[K
      |                                             [01;36m[Kchar*[m[K
gmake[1]: *** [CMakeFiles/Makefile2:137: CMakeFiles/autonomy_node.dir/all] Error 2
gmake: *** [Makefile:146: all] Error 2
