[0.051s] Invoking command in '/home/yyj/my_ws/build/cart_park_autonomy': CMAKE_PREFIX_PATH=/home/yyj/my_ws/install/my_action_interface:/home/yyj/my_ws/install/ydlidar_ros2_driver:/home/yyj/my_ws/install/usb_cam:/home/yyj/my_ws/install/teleop_twist_joy:/home/yyj/my_ws/install/slam_toolbox:/home/yyj/my_ws/install/ros2_aruco_interfaces:/home/yyj/my_ws/install/realsense2_description:/home/yyj/my_ws/install/realsense2_camera:/home/yyj/my_ws/install/realsense2_camera_msgs:/home/yyj/my_ws/install/odrive_ros2_control:/home/yyj/my_ws/install/odrive_hardware_interface:/home/yyj/my_ws/install/odrive_demo_bringup:/home/yyj/my_ws/install/odrive_demo_description:/home/yyj/my_ws/install/my_bot_description:/home/yyj/my_ws/install/cart_park_autonomy:/home/yyj/my_ws/install/action_tutorials_cpp:/home/yyj/my_ws/install/ros2_aruco:/home/yyj/my_ws/install/open_action_server:/home/yyj/my_ws/install/my_tf2_package:/home/yyj/my_ws/install/my_docking:/home/yyj/my_ws/install/my_aruco_to_goal_pose_pkg:/opt/ros/humble LD_LIBRARY_PATH=/home/yyj/my_ws/install/my_action_interface/lib:/usr/local/lib/:/home/yyj/my_ws/install/usb_cam/lib:/home/yyj/my_ws/install/teleop_twist_joy/lib:/home/yyj/my_ws/install/slam_toolbox/lib:/home/yyj/my_ws/install/ros2_aruco_interfaces/lib:/home/yyj/my_ws/install/realsense2_camera/lib:/home/yyj/my_ws/install/realsense2_camera_msgs/lib:/home/yyj/my_ws/install/odrive_hardware_interface/lib:/home/yyj/my_ws/install/action_tutorials_cpp/lib:/usr/lib/x86_64-linux-gnu/gazebo-11/plugins:/opt/ros/humble/opt/rviz_ogre_vendor/lib:/opt/ros/humble/lib/x86_64-linux-gnu:/opt/ros/humble/lib /usr/bin/cmake --build /home/yyj/my_ws/build/cart_park_autonomy -- -j16 -l16
[0.213s] [35m[1mConsolidate compiler generated dependencies of target autonomy_node[0m
[0.321s] [ 14%] [32mBuilding CXX object CMakeFiles/autonomy_node.dir/src/gotocart_behavior.cpp.o[0m
[4.355s] [01m[K/home/yyj/my_ws/src/cart_park_autonomy/src/gotocart_behavior.cpp:[m[K In member function â€˜[01m[Kvirtual BT::NodeStatus GoToCart::onRunning()[m[Kâ€™:
[4.355s] [01m[K/home/yyj/my_ws/src/cart_park_autonomy/src/gotocart_behavior.cpp:56:7:[m[K [01;31m[Kerror: [m[Kâ€˜[01m[KRegoal[m[Kâ€™ was not declared in this scope
[4.356s]    56 |   if ([01;31m[KRegoal[m[K == false)
[4.356s]       |       [01;31m[K^~~~~~[m[K
[4.358s] In file included from [01m[K/opt/ros/humble/include/rclcpp/rclcpp/logging.hpp:24[m[K,
[4.358s]                  from [01m[K/opt/ros/humble/include/rclcpp/rclcpp/client.hpp:40[m[K,
[4.358s]                  from [01m[K/opt/ros/humble/include/rclcpp/rclcpp/callback_group.hpp:24[m[K,
[4.358s]                  from [01m[K/opt/ros/humble/include/rclcpp/rclcpp/any_executable.hpp:20[m[K,
[4.358s]                  from [01m[K/opt/ros/humble/include/rclcpp/rclcpp/memory_strategy.hpp:25[m[K,
[4.359s]                  from [01m[K/opt/ros/humble/include/rclcpp/rclcpp/memory_strategies.hpp:18[m[K,
[4.359s]                  from [01m[K/opt/ros/humble/include/rclcpp/rclcpp/executor_options.hpp:20[m[K,
[4.359s]                  from [01m[K/opt/ros/humble/include/rclcpp/rclcpp/executor.hpp:37[m[K,
[4.359s]                  from [01m[K/opt/ros/humble/include/rclcpp/rclcpp/executors/multi_threaded_executor.hpp:25[m[K,
[4.359s]                  from [01m[K/opt/ros/humble/include/rclcpp/rclcpp/executors.hpp:21[m[K,
[4.359s]                  from [01m[K/opt/ros/humble/include/rclcpp/rclcpp/rclcpp.hpp:155[m[K,
[4.359s]                  from [01m[K/home/yyj/my_ws/src/cart_park_autonomy/include/gotocart_behavior.hpp:1[m[K,
[4.359s]                  from [01m[K/home/yyj/my_ws/src/cart_park_autonomy/src/gotocart_behavior.cpp:1[m[K:
[4.359s] [01m[K/home/yyj/my_ws/src/cart_park_autonomy/src/gotocart_behavior.cpp:105:42:[m[K [01;35m[Kwarning: [m[Kformat â€˜[01m[K%s[m[Kâ€™ expects argument of type â€˜[01m[Kchar*[m[Kâ€™, but argument 5 has type â€˜[01m[Kconst string[m[Kâ€™ {aka â€˜[01m[Kconst std::__cxx11::basic_string<char>[m[Kâ€™} [[01;35m[K]8;;https://gcc.gnu.org/onlinedocs/gcc/Warning-Options.html#index-Wformat=-Wformat=]8;;[m[K]
[4.359s]   105 |     RCLCPP_INFO(node_ptr_->get_logger(), [01;35m[K"[%s] Goal reached\n"[m[K, this->name());
[4.359s]       |                                          [01;35m[K^~~~~~~~~~~~~~~~~~~~~[m[K
[4.359s] [01m[K/home/yyj/my_ws/src/cart_park_autonomy/src/gotocart_behavior.cpp:105:45:[m[K [01;36m[Knote: [m[Kformat string is defined here
[4.359s]   105 |     RCLCPP_INFO(node_ptr_->get_logger(), "[[01;36m[K%s[m[K] Goal reached\n", this->name());
[4.359s]       |                                            [01;36m[K~^[m[K
[4.359s]       |                                             [01;36m[K|[m[K
[4.359s]       |                                             [01;36m[Kchar*[m[K
[4.366s] [01m[K/home/yyj/my_ws/src/cart_park_autonomy/src/gotocart_behavior.cpp:106:5:[m[K [01;31m[Kerror: [m[Kâ€˜[01m[KRegoal[m[Kâ€™ was not declared in this scope
[4.366s]   106 |     [01;31m[KRegoal[m[K = false;
[4.366s]       |     [01;31m[K^~~~~~[m[K
[5.988s] gmake[2]: *** [CMakeFiles/autonomy_node.dir/build.make:104: CMakeFiles/autonomy_node.dir/src/gotocart_behavior.cpp.o] Error 1
[5.988s] gmake[1]: *** [CMakeFiles/Makefile2:137: CMakeFiles/autonomy_node.dir/all] Error 2
[5.988s] gmake: *** [Makefile:146: all] Error 2
[5.992s] Invoked command in '/home/yyj/my_ws/build/cart_park_autonomy' returned '2': CMAKE_PREFIX_PATH=/home/yyj/my_ws/install/my_action_interface:/home/yyj/my_ws/install/ydlidar_ros2_driver:/home/yyj/my_ws/install/usb_cam:/home/yyj/my_ws/install/teleop_twist_joy:/home/yyj/my_ws/install/slam_toolbox:/home/yyj/my_ws/install/ros2_aruco_interfaces:/home/yyj/my_ws/install/realsense2_description:/home/yyj/my_ws/install/realsense2_camera:/home/yyj/my_ws/install/realsense2_camera_msgs:/home/yyj/my_ws/install/odrive_ros2_control:/home/yyj/my_ws/install/odrive_hardware_interface:/home/yyj/my_ws/install/odrive_demo_bringup:/home/yyj/my_ws/install/odrive_demo_description:/home/yyj/my_ws/install/my_bot_description:/home/yyj/my_ws/install/cart_park_autonomy:/home/yyj/my_ws/install/action_tutorials_cpp:/home/yyj/my_ws/install/ros2_aruco:/home/yyj/my_ws/install/open_action_server:/home/yyj/my_ws/install/my_tf2_package:/home/yyj/my_ws/install/my_docking:/home/yyj/my_ws/install/my_aruco_to_goal_pose_pkg:/opt/ros/humble LD_LIBRARY_PATH=/home/yyj/my_ws/install/my_action_interface/lib:/usr/local/lib/:/home/yyj/my_ws/install/usb_cam/lib:/home/yyj/my_ws/install/teleop_twist_joy/lib:/home/yyj/my_ws/install/slam_toolbox/lib:/home/yyj/my_ws/install/ros2_aruco_interfaces/lib:/home/yyj/my_ws/install/realsense2_camera/lib:/home/yyj/my_ws/install/realsense2_camera_msgs/lib:/home/yyj/my_ws/install/odrive_hardware_interface/lib:/home/yyj/my_ws/install/action_tutorials_cpp/lib:/usr/lib/x86_64-linux-gnu/gazebo-11/plugins:/opt/ros/humble/opt/rviz_ogre_vendor/lib:/opt/ros/humble/lib/x86_64-linux-gnu:/opt/ros/humble/lib /usr/bin/cmake --build /home/yyj/my_ws/build/cart_park_autonomy -- -j16 -l16
