-- The C compiler identification is GNU 11.4.0
-- The CXX compiler identification is GNU 11.4.0
-- Detecting C compiler ABI info
-- Detecting C compiler ABI info - done
-- Check for working C compiler: /usr/bin/cc - skipped
-- Detecting C compile features
-- Detecting C compile features - done
-- Detecting CXX compiler ABI info
-- Detecting CXX compiler ABI info - done
-- Check for working CXX compiler: /usr/bin/c++ - skipped
-- Detecting CXX compile features
-- Detecting CXX compile features - done
-- Found ament_cmake: 1.3.8 (/opt/ros/humble/share/ament_cmake/cmake)
-- Found Python3: /usr/bin/python3 (found version "3.10.12") found components: Interpreter 
-- Found rclcpp: 16.0.8 (/opt/ros/humble/share/rclcpp/cmake)
-- Found rosidl_generator_c: 3.1.5 (/opt/ros/humble/share/rosidl_generator_c/cmake)
-- Found rosidl_adapter: 3.1.5 (/opt/ros/humble/share/rosidl_adapter/cmake)
-- Found rosidl_generator_cpp: 3.1.5 (/opt/ros/humble/share/rosidl_generator_cpp/cmake)
-- Using all available rosidl_typesupport_c: rosidl_typesupport_fastrtps_c;rosidl_typesupport_introspection_c
-- Using all available rosidl_typesupport_cpp: rosidl_typesupport_fastrtps_cpp;rosidl_typesupport_introspection_cpp
-- Found rmw_implementation_cmake: 6.1.1 (/opt/ros/humble/share/rmw_implementation_cmake/cmake)
-- Found rmw_fastrtps_cpp: 6.2.6 (/opt/ros/humble/share/rmw_fastrtps_cpp/cmake)
-- Found OpenSSL: /usr/lib/x86_64-linux-gnu/libcrypto.so (found version "3.0.2")  
-- Found FastRTPS: /opt/ros/humble/include  
-- Using RMW implementation 'rmw_fastrtps_cpp' as default
-- Looking for pthread.h
-- Looking for pthread.h - found
-- Performing Test CMAKE_HAVE_LIBC_PTHREAD
-- Performing Test CMAKE_HAVE_LIBC_PTHREAD - Success
-- Found Threads: TRUE  
-- Found rclcpp_action: 16.0.8 (/opt/ros/humble/share/rclcpp_action/cmake)
-- Found nav2_msgs: 1.1.13 (/opt/ros/humble/share/nav2_msgs/cmake)
-- Found tf2: 0.25.6 (/opt/ros/humble/share/tf2/cmake)
-- Found tf2_geometry_msgs: 0.25.6 (/opt/ros/humble/share/tf2_geometry_msgs/cmake)
-- Found eigen3_cmake_module: 0.1.1 (/opt/ros/humble/share/eigen3_cmake_module/cmake)
-- Found Eigen3: TRUE (found version "3.4.0") 
-- Ensuring Eigen3 include directory is part of orocos-kdl CMake target
-- Found my_action_interface: 0.0.0 (/home/yyj/my_ws/install/my_action_interface/share/my_action_interface/cmake)
-- Found ament_lint_auto: 0.12.10 (/opt/ros/humble/share/ament_lint_auto/cmake)
-- Added test 'copyright' to check source files copyright and LICENSE
-- Added test 'cppcheck' to perform static code analysis on C / C++ code
-- Configured cppcheck include dirs: /home/yyj/my_ws/src/cart_park_autonomy/include
-- Configured cppcheck exclude dirs and/or files: 
-- Added test 'cpplint' to check C / C++ code against the Google style
-- Configured cpplint exclude dirs and/or files: 
-- Added test 'flake8' to check Python code syntax and style conventions
-- Added test 'lint_cmake' to check CMake code style
-- Added test 'pep257' to check Python code against some of the docstring style conventions in PEP 257
-- Added test 'uncrustify' to check C / C++ code style
-- Configured uncrustify additional arguments: 
-- Added test 'xmllint' to check XML markup files
-- Configuring done
-- Generating done
-- Build files have been written to: /home/yyj/my_ws/build/cart_park_autonomy
[ 14%] [32mBuilding CXX object CMakeFiles/autonomy_node.dir/src/autonomy_node.cpp.o[0m
[ 28%] [32mBuilding CXX object CMakeFiles/autonomy_node.dir/src/gotocart_behavior.cpp.o[0m
[ 42%] [32mBuilding CXX object CMakeFiles/autonomy_node.dir/src/open_gripper_behavior.cpp.o[0m
[ 71%] [32mBuilding CXX object CMakeFiles/autonomy_node.dir/src/patrol_behavior.cpp.o[0m
[ 71%] [32mBuilding CXX object CMakeFiles/autonomy_node.dir/src/parkcart_behavior.cpp.o[0m
[ 85%] [32mBuilding CXX object CMakeFiles/autonomy_node.dir/src/dockcart_behavior.cpp.o[0m
In file included from [01m[K/home/yyj/my_ws/src/cart_park_autonomy/include/gotocart_behavior.h:7[m[K,
                 from [01m[K/home/yyj/my_ws/src/cart_park_autonomy/src/gotocart_behavior.cpp:1[m[K:
[01m[K/opt/ros/humble/include/tf2_geometry_msgs/tf2_geometry_msgs/tf2_geometry_msgs.h:35:2:[m[K [01;35m[Kwarning: [m[K#warning This header is obsolete, please include tf2_geometry_msgs/tf2_geometry_msgs.hpp instead [[01;35m[K]8;;https://gcc.gnu.org/onlinedocs/gcc/Warning-Options.html#index-Wcpp-Wcpp]8;;[m[K]
   35 | #[01;35m[Kwarning[m[K This header is obsolete, please include tf2_geometry_msgs/tf2_geometry_msgs.hpp instead
      |  [01;35m[K^~~~~~~[m[K
In file included from [01m[K/home/yyj/my_ws/src/cart_park_autonomy/include/patrol_behavior.h:7[m[K,
                 from [01m[K/home/yyj/my_ws/src/cart_park_autonomy/src/patrol_behavior.cpp:1[m[K:
[01m[K/opt/ros/humble/include/tf2_geometry_msgs/tf2_geometry_msgs/tf2_geometry_msgs.h:35:2:[m[K [01;35m[Kwarning: [m[K#warning This header is obsolete, please include tf2_geometry_msgs/tf2_geometry_msgs.hpp instead [[01;35m[K]8;;https://gcc.gnu.org/onlinedocs/gcc/Warning-Options.html#index-Wcpp-Wcpp]8;;[m[K]
   35 | #[01;35m[Kwarning[m[K This header is obsolete, please include tf2_geometry_msgs/tf2_geometry_msgs.hpp instead
      |  [01;35m[K^~~~~~~[m[K
In file included from [01m[K/home/yyj/my_ws/src/cart_park_autonomy/include/patrol_behavior.h:7[m[K,
                 from [01m[K/home/yyj/my_ws/src/cart_park_autonomy/include/autonomy_node.h:3[m[K,
                 from [01m[K/home/yyj/my_ws/src/cart_park_autonomy/src/autonomy_node.cpp:1[m[K:
[01m[K/opt/ros/humble/include/tf2_geometry_msgs/tf2_geometry_msgs/tf2_geometry_msgs.h:35:2:[m[K [01;35m[Kwarning: [m[K#warning This header is obsolete, please include tf2_geometry_msgs/tf2_geometry_msgs.hpp instead [[01;35m[K]8;;https://gcc.gnu.org/onlinedocs/gcc/Warning-Options.html#index-Wcpp-Wcpp]8;;[m[K]
   35 | #[01;35m[Kwarning[m[K This header is obsolete, please include tf2_geometry_msgs/tf2_geometry_msgs.hpp instead
      |  [01;35m[K^~~~~~~[m[K
In file included from [01m[K/home/yyj/my_ws/src/cart_park_autonomy/include/parkcart_behavior.h:7[m[K,
                 from [01m[K/home/yyj/my_ws/src/cart_park_autonomy/src/parkcart_behavior.cpp:1[m[K:
[01m[K/opt/ros/humble/include/tf2_geometry_msgs/tf2_geometry_msgs/tf2_geometry_msgs.h:35:2:[m[K [01;35m[Kwarning: [m[K#warning This header is obsolete, please include tf2_geometry_msgs/tf2_geometry_msgs.hpp instead [[01;35m[K]8;;https://gcc.gnu.org/onlinedocs/gcc/Warning-Options.html#index-Wcpp-Wcpp]8;;[m[K]
   35 | #[01;35m[Kwarning[m[K This header is obsolete, please include tf2_geometry_msgs/tf2_geometry_msgs.hpp instead
      |  [01;35m[K^~~~~~~[m[K
[01m[K/home/yyj/my_ws/src/cart_park_autonomy/src/open_gripper_behavior.cpp:[m[K In member function â€˜[01m[Kvoid OpenGripper::feedback_callback(rclcpp_action::ClientGoalHandle<my_action_interface::action::Open>::SharedPtr, std::shared_ptr<const my_action_interface::action::Open_Feedback_<std::allocator<void> > >)[m[Kâ€™:
[01m[K/home/yyj/my_ws/src/cart_park_autonomy/src/open_gripper_behavior.cpp:58:108:[m[K [01;35m[Kwarning: [m[Kunused parameter â€˜[01m[Kfeedback[m[Kâ€™ [[01;35m[K]8;;https://gcc.gnu.org/onlinedocs/gcc/Warning-Options.html#index-Wunused-parameter-Wunused-parameter]8;;[m[K]
   58 | void OpenGripper::feedback_callback(GoalHandleOpen::SharedPtr, [01;35m[Kconst std::shared_ptr<const Open::Feedback> feedback[m[K)
      |                                                                [01;35m[K~~~~~~~~~~~~~~~~~~~~~~~~~~~~~~~~~~~~~~~~~~~~^~~~~~~~[m[K
In file included from [01m[K/opt/ros/humble/include/rclcpp/rclcpp/logging.hpp:24[m[K,
                 from [01m[K/opt/ros/humble/include/rclcpp/rclcpp/client.hpp:40[m[K,
                 from [01m[K/opt/ros/humble/include/rclcpp/rclcpp/callback_group.hpp:24[m[K,
                 from [01m[K/opt/ros/humble/include/rclcpp/rclcpp/any_executable.hpp:20[m[K,
                 from [01m[K/opt/ros/humble/include/rclcpp/rclcpp/memory_strategy.hpp:25[m[K,
                 from [01m[K/opt/ros/humble/include/rclcpp/rclcpp/memory_strategies.hpp:18[m[K,
                 from [01m[K/opt/ros/humble/include/rclcpp/rclcpp/executor_options.hpp:20[m[K,
                 from [01m[K/opt/ros/humble/include/rclcpp/rclcpp/executor.hpp:37[m[K,
                 from [01m[K/opt/ros/humble/include/rclcpp/rclcpp/executors/multi_threaded_executor.hpp:25[m[K,
                 from [01m[K/opt/ros/humble/include/rclcpp/rclcpp/executors.hpp:21[m[K,
                 from [01m[K/opt/ros/humble/include/rclcpp/rclcpp/rclcpp.hpp:155[m[K,
                 from [01m[K/home/yyj/my_ws/src/cart_park_autonomy/include/dockcart_behavior.h:1[m[K,
                 from [01m[K/home/yyj/my_ws/src/cart_park_autonomy/src/dockcart_behavior.cpp:1[m[K:
[01m[K/home/yyj/my_ws/src/cart_park_autonomy/src/dockcart_behavior.cpp:[m[K In member function â€˜[01m[Kvirtual BT::NodeStatus DockCart::onRunning()[m[Kâ€™:
[01m[K/home/yyj/my_ws/src/cart_park_autonomy/src/dockcart_behavior.cpp:57:42:[m[K [01;35m[Kwarning: [m[Kformat â€˜[01m[K%s[m[Kâ€™ expects argument of type â€˜[01m[Kchar*[m[Kâ€™, but argument 5 has type â€˜[01m[Kconst string[m[Kâ€™ {aka â€˜[01m[Kconst std::__cxx11::basic_string<char>[m[Kâ€™} [[01;35m[K]8;;https://gcc.gnu.org/onlinedocs/gcc/Warning-Options.html#index-Wformat=-Wformat=]8;;[m[K]
   57 |     RCLCPP_INFO(node_ptr_->get_logger(), [01;35m[K"[%s] DOCK SUCCESS\n"[m[K, this->name());
      |                                          [01;35m[K^~~~~~~~~~~~~~~~~~~~~[m[K
[01m[K/home/yyj/my_ws/src/cart_park_autonomy/src/dockcart_behavior.cpp:57:45:[m[K [01;36m[Knote: [m[Kformat string is defined here
   57 |     RCLCPP_INFO(node_ptr_->get_logger(), "[[01;36m[K%s[m[K] DOCK SUCCESS\n", this->name());
      |                                            [01;36m[K~^[m[K
      |                                             [01;36m[K|[m[K
      |                                             [01;36m[Kchar*[m[K
In file included from [01m[K/home/yyj/my_ws/src/cart_park_autonomy/include/autonomy_node.h:3[m[K,
                 from [01m[K/home/yyj/my_ws/src/cart_park_autonomy/src/autonomy_node.cpp:1[m[K:
[01m[K/home/yyj/my_ws/src/cart_park_autonomy/include/patrol_behavior.h:[m[K In constructor â€˜[01m[KRetry::Retry(const string&, const BT::NodeConfiguration&)[m[Kâ€™:
[01m[K/home/yyj/my_ws/src/cart_park_autonomy/include/patrol_behavior.h:67:65:[m[K [01;35m[Kwarning: [m[Kunused parameter â€˜[01m[Kconfig[m[Kâ€™ [[01;35m[K]8;;https://gcc.gnu.org/onlinedocs/gcc/Warning-Options.html#index-Wunused-parameter-Wunused-parameter]8;;[m[K]
   67 |     Retry(const std::string& name, [01;35m[Kconst BT::NodeConfiguration& config[m[K)
      |                                    [01;35m[K~~~~~~~~~~~~~~~~~~~~~~~~~~~~~^~~~~~[m[K
In file included from [01m[K/opt/ros/humble/include/rclcpp/rclcpp/logging.hpp:24[m[K,
                 from [01m[K/opt/ros/humble/include/rclcpp/rclcpp/client.hpp:40[m[K,
                 from [01m[K/opt/ros/humble/include/rclcpp/rclcpp/callback_group.hpp:24[m[K,
                 from [01m[K/opt/ros/humble/include/rclcpp/rclcpp/any_executable.hpp:20[m[K,
                 from [01m[K/opt/ros/humble/include/rclcpp/rclcpp/memory_strategy.hpp:25[m[K,
                 from [01m[K/opt/ros/humble/include/rclcpp/rclcpp/memory_strategies.hpp:18[m[K,
                 from [01m[K/opt/ros/humble/include/rclcpp/rclcpp/executor_options.hpp:20[m[K,
                 from [01m[K/opt/ros/humble/include/rclcpp/rclcpp/executor.hpp:37[m[K,
                 from [01m[K/opt/ros/humble/include/rclcpp/rclcpp/executors/multi_threaded_executor.hpp:25[m[K,
                 from [01m[K/opt/ros/humble/include/rclcpp/rclcpp/executors.hpp:21[m[K,
                 from [01m[K/opt/ros/humble/include/rclcpp/rclcpp/rclcpp.hpp:155[m[K,
                 from [01m[K/home/yyj/my_ws/src/cart_park_autonomy/include/parkcart_behavior.h:1[m[K,
                 from [01m[K/home/yyj/my_ws/src/cart_park_autonomy/src/parkcart_behavior.cpp:1[m[K:
[01m[K/home/yyj/my_ws/src/cart_park_autonomy/src/parkcart_behavior.cpp:[m[K In member function â€˜[01m[Kvirtual BT::NodeStatus ParkCart::onRunning()[m[Kâ€™:
[01m[K/home/yyj/my_ws/src/cart_park_autonomy/src/parkcart_behavior.cpp:55:42:[m[K [01;35m[Kwarning: [m[Kformat â€˜[01m[K%s[m[Kâ€™ expects argument of type â€˜[01m[Kchar*[m[Kâ€™, but argument 5 has type â€˜[01m[Kconst string[m[Kâ€™ {aka â€˜[01m[Kconst std::__cxx11::basic_string<char>[m[Kâ€™} [[01;35m[K]8;;https://gcc.gnu.org/onlinedocs/gcc/Warning-Options.html#index-Wformat=-Wformat=]8;;[m[K]
   55 |     RCLCPP_INFO(node_ptr_->get_logger(), [01;35m[K"[%s] PARK SUCCESS\n"[m[K, this->name());
      |                                          [01;35m[K^~~~~~~~~~~~~~~~~~~~~[m[K
[01m[K/home/yyj/my_ws/src/cart_park_autonomy/src/parkcart_behavior.cpp:55:45:[m[K [01;36m[Knote: [m[Kformat string is defined here
   55 |     RCLCPP_INFO(node_ptr_->get_logger(), "[[01;36m[K%s[m[K] PARK SUCCESS\n", this->name());
      |                                            [01;36m[K~^[m[K
      |                                             [01;36m[K|[m[K
      |                                             [01;36m[Kchar*[m[K
In file included from [01m[K/home/yyj/my_ws/src/cart_park_autonomy/src/patrol_behavior.cpp:1[m[K:
[01m[K/home/yyj/my_ws/src/cart_park_autonomy/include/patrol_behavior.h:[m[K In constructor â€˜[01m[KRetry::Retry(const string&, const BT::NodeConfiguration&)[m[Kâ€™:
[01m[K/home/yyj/my_ws/src/cart_park_autonomy/include/patrol_behavior.h:67:65:[m[K [01;35m[Kwarning: [m[Kunused parameter â€˜[01m[Kconfig[m[Kâ€™ [[01;35m[K]8;;https://gcc.gnu.org/onlinedocs/gcc/Warning-Options.html#index-Wunused-parameter-Wunused-parameter]8;;[m[K]
   67 |     Retry(const std::string& name, [01;35m[Kconst BT::NodeConfiguration& config[m[K)
      |                                    [01;35m[K~~~~~~~~~~~~~~~~~~~~~~~~~~~~~^~~~~~[m[K
[01m[K/home/yyj/my_ws/src/cart_park_autonomy/src/autonomy_node.cpp:[m[K In lambda function:
[01m[K/home/yyj/my_ws/src/cart_park_autonomy/src/autonomy_node.cpp:69:29:[m[K [01;31m[Kerror: [m[Kâ€˜[01m[KOpenGripper[m[Kâ€™ was not declared in this scope
   69 |     return std::make_unique<[01;31m[KOpenGripper[m[K>(name, config, shared_from_this());
      |                             [01;31m[K^~~~~~~~~~~[m[K
[01m[K/home/yyj/my_ws/src/cart_park_autonomy/src/autonomy_node.cpp:69:41:[m[K [01;31m[Kerror: [m[Kno matching function for call to â€˜[01m[Kmake_unique<<expression error> >(const string&, const BT::NodeConfiguration&, std::shared_ptr<rclcpp::Node>)[m[Kâ€™
   69 |     return [01;31m[Kstd::make_unique<OpenGripper>(name, config, shared_from_this())[m[K;
      |            [01;31m[K~~~~~~~~~~~~~~~~~~~~~~~~~~~~~^~~~~~~~~~~~~~~~~~~~~~~~~~~~~~~~~~[m[K
In file included from [01m[K/usr/include/c++/11/memory:76[m[K,
                 from [01m[K/opt/ros/humble/include/rclcpp/rclcpp/rclcpp.hpp:153[m[K,
                 from [01m[K/home/yyj/my_ws/src/cart_park_autonomy/include/autonomy_node.h:1[m[K,
                 from [01m[K/home/yyj/my_ws/src/cart_park_autonomy/src/autonomy_node.cpp:1[m[K:
[01m[K/usr/include/c++/11/bits/unique_ptr.h:961:5:[m[K [01;36m[Knote: [m[Kcandidate: â€˜[01m[Ktemplate<class _Tp, class ... _Args> typename std::_MakeUniq<_Tp>::__single_object std::make_unique(_Args&& ...)[m[Kâ€™
  961 |     [01;36m[Kmake_unique[m[K(_Args&&... __args)
      |     [01;36m[K^~~~~~~~~~~[m[K
[01m[K/usr/include/c++/11/bits/unique_ptr.h:961:5:[m[K [01;36m[Knote: [m[K  template argument deduction/substitution failed:
[01m[K/home/yyj/my_ws/src/cart_park_autonomy/src/autonomy_node.cpp:69:41:[m[K [01;31m[Kerror: [m[Ktemplate argument 1 is invalid
   69 |     return [01;31m[Kstd::make_unique<OpenGripper>(name, config, shared_from_this())[m[K;
      |            [01;31m[K~~~~~~~~~~~~~~~~~~~~~~~~~~~~~^~~~~~~~~~~~~~~~~~~~~~~~~~~~~~~~~~[m[K
In file included from [01m[K/usr/include/c++/11/memory:76[m[K,
                 from [01m[K/opt/ros/humble/include/rclcpp/rclcpp/rclcpp.hpp:153[m[K,
                 from [01m[K/home/yyj/my_ws/src/cart_park_autonomy/include/autonomy_node.h:1[m[K,
                 from [01m[K/home/yyj/my_ws/src/cart_park_autonomy/src/autonomy_node.cpp:1[m[K:
[01m[K/usr/include/c++/11/bits/unique_ptr.h:967:5:[m[K [01;36m[Knote: [m[Kcandidate: â€˜[01m[Ktemplate<class _Tp> typename std::_MakeUniq<_Tp>::__array std::make_unique(std::size_t)[m[Kâ€™
  967 |     [01;36m[Kmake_unique[m[K(size_t __num)
      |     [01;36m[K^~~~~~~~~~~[m[K
[01m[K/usr/include/c++/11/bits/unique_ptr.h:967:5:[m[K [01;36m[Knote: [m[K  template argument deduction/substitution failed:
[01m[K/home/yyj/my_ws/src/cart_park_autonomy/src/autonomy_node.cpp:69:41:[m[K [01;31m[Kerror: [m[Ktemplate argument 1 is invalid
   69 |     return [01;31m[Kstd::make_unique<OpenGripper>(name, config, shared_from_this())[m[K;
      |            [01;31m[K~~~~~~~~~~~~~~~~~~~~~~~~~~~~~^~~~~~~~~~~~~~~~~~~~~~~~~~~~~~~~~~[m[K
In file included from [01m[K/usr/include/c++/11/memory:76[m[K,
                 from [01m[K/opt/ros/humble/include/rclcpp/rclcpp/rclcpp.hpp:153[m[K,
                 from [01m[K/home/yyj/my_ws/src/cart_park_autonomy/include/autonomy_node.h:1[m[K,
                 from [01m[K/home/yyj/my_ws/src/cart_park_autonomy/src/autonomy_node.cpp:1[m[K:
[01m[K/usr/include/c++/11/bits/unique_ptr.h:973:5:[m[K [01;36m[Knote: [m[Kcandidate: â€˜[01m[Ktemplate<class _Tp, class ... _Args> typename std::_MakeUniq<_Tp>::__invalid_type std::make_unique(_Args&& ...)[m[Kâ€™ (deleted)
  973 |     [01;36m[Kmake_unique[m[K(_Args&&...) = delete;
      |     [01;36m[K^~~~~~~~~~~[m[K
[01m[K/usr/include/c++/11/bits/unique_ptr.h:973:5:[m[K [01;36m[Knote: [m[K  template argument deduction/substitution failed:
[01m[K/home/yyj/my_ws/src/cart_park_autonomy/src/autonomy_node.cpp:69:41:[m[K [01;31m[Kerror: [m[Ktemplate argument 1 is invalid
   69 |     return [01;31m[Kstd::make_unique<OpenGripper>(name, config, shared_from_this())[m[K;
      |            [01;31m[K~~~~~~~~~~~~~~~~~~~~~~~~~~~~~^~~~~~~~~~~~~~~~~~~~~~~~~~~~~~~~~~[m[K
[01m[K/home/yyj/my_ws/src/cart_park_autonomy/src/autonomy_node.cpp:[m[K In member function â€˜[01m[Kvoid AutonomyNode::create_behavior_tree()[m[Kâ€™:
[01m[K/home/yyj/my_ws/src/cart_park_autonomy/src/autonomy_node.cpp:70:3:[m[K [01;31m[Kerror: [m[Kconversion from â€˜[01m[KAutonomyNode::create_behavior_tree()::<lambda(const string&, const BT::NodeConfiguration&)>[m[Kâ€™ to non-scalar type â€˜[01m[KBT::NodeBuilder[m[Kâ€™ {aka â€˜[01m[Kstd::function<std::unique_ptr<BT::TreeNode>(const std::__cxx11::basic_string<char>&, const BT::NodeConfiguration&)>[m[Kâ€™} requested
   70 |   [01;31m[K}[m[K;
      |   [01;31m[K^[m[K
[01m[K/home/yyj/my_ws/src/cart_park_autonomy/src/autonomy_node.cpp:71:27:[m[K [01;31m[Kerror: [m[Kâ€˜[01m[KOpenGripper[m[Kâ€™ was not declared in this scope
   71 |   factory.registerBuilder<[01;31m[KOpenGripper[m[K>("OpenGripper", builder_opengripper);
      |                           [01;31m[K^~~~~~~~~~~[m[K
[01m[K/home/yyj/my_ws/src/cart_park_autonomy/src/autonomy_node.cpp:71:39:[m[K [01;31m[Kerror: [m[Kno matching function for call to â€˜[01m[KBT::BehaviorTreeFactory::registerBuilder<<expression error> >(const char [12], BT::NodeBuilder&)[m[Kâ€™
   71 |   [01;31m[Kfactory.registerBuilder<OpenGripper>("OpenGripper", builder_opengripper)[m[K;
      |   [01;31m[K~~~~~~~~~~~~~~~~~~~~~~~~~~~~~~~~~~~~^~~~~~~~~~~~~~~~~~~~~~~~~~~~~~~~~~~~[m[K
In file included from [01m[K/home/yyj/my_ws/src/cart_park_autonomy/include/autonomy_node.h:2[m[K,
                 from [01m[K/home/yyj/my_ws/src/cart_park_autonomy/src/autonomy_node.cpp:1[m[K:
[01m[K/opt/ros/humble/include/behaviortree_cpp_v3/bt_factory.h:267:8:[m[K [01;36m[Knote: [m[Kcandidate: â€˜[01m[Ktemplate<class T> void BT::BehaviorTreeFactory::registerBuilder(const string&, const NodeBuilder&)[m[Kâ€™
  267 |   void [01;36m[KregisterBuilder[m[K(const std::string& ID, const NodeBuilder& builder)
      |        [01;36m[K^~~~~~~~~~~~~~~[m[K
[01m[K/opt/ros/humble/include/behaviortree_cpp_v3/bt_factory.h:267:8:[m[K [01;36m[Knote: [m[K  template argument deduction/substitution failed:
[01m[K/home/yyj/my_ws/src/cart_park_autonomy/src/autonomy_node.cpp:71:39:[m[K [01;31m[Kerror: [m[Ktemplate argument 1 is invalid
   71 |   [01;31m[Kfactory.registerBuilder<OpenGripper>("OpenGripper", builder_opengripper)[m[K;
      |   [01;31m[K~~~~~~~~~~~~~~~~~~~~~~~~~~~~~~~~~~~~^~~~~~~~~~~~~~~~~~~~~~~~~~~~~~~~~~~~[m[K
In file included from [01m[K/opt/ros/humble/include/rclcpp/rclcpp/logging.hpp:24[m[K,
                 from [01m[K/opt/ros/humble/include/rclcpp/rclcpp/client.hpp:40[m[K,
                 from [01m[K/opt/ros/humble/include/rclcpp/rclcpp/callback_group.hpp:24[m[K,
                 from [01m[K/opt/ros/humble/include/rclcpp/rclcpp/any_executable.hpp:20[m[K,
                 from [01m[K/opt/ros/humble/include/rclcpp/rclcpp/memory_strategy.hpp:25[m[K,
                 from [01m[K/opt/ros/humble/include/rclcpp/rclcpp/memory_strategies.hpp:18[m[K,
                 from [01m[K/opt/ros/humble/include/rclcpp/rclcpp/executor_options.hpp:20[m[K,
                 from [01m[K/opt/ros/humble/include/rclcpp/rclcpp/executor.hpp:37[m[K,
                 from [01m[K/opt/ros/humble/include/rclcpp/rclcpp/executors/multi_threaded_executor.hpp:25[m[K,
                 from [01m[K/opt/ros/humble/include/rclcpp/rclcpp/executors.hpp:21[m[K,
                 from [01m[K/opt/ros/humble/include/rclcpp/rclcpp/rclcpp.hpp:155[m[K,
                 from [01m[K/home/yyj/my_ws/src/cart_park_autonomy/include/gotocart_behavior.h:1[m[K,
                 from [01m[K/home/yyj/my_ws/src/cart_park_autonomy/src/gotocart_behavior.cpp:1[m[K:
[01m[K/home/yyj/my_ws/src/cart_park_autonomy/src/gotocart_behavior.cpp:[m[K In member function â€˜[01m[Kvirtual BT::NodeStatus GoToCart::onRunning()[m[Kâ€™:
[01m[K/home/yyj/my_ws/src/cart_park_autonomy/src/gotocart_behavior.cpp:67:42:[m[K [01;35m[Kwarning: [m[Kformat â€˜[01m[K%s[m[Kâ€™ expects argument of type â€˜[01m[Kchar*[m[Kâ€™, but argument 5 has type â€˜[01m[Kconst string[m[Kâ€™ {aka â€˜[01m[Kconst std::__cxx11::basic_string<char>[m[Kâ€™} [[01;35m[K]8;;https://gcc.gnu.org/onlinedocs/gcc/Warning-Options.html#index-Wformat=-Wformat=]8;;[m[K]
   67 |     RCLCPP_INFO(node_ptr_->get_logger(), [01;35m[K"[%s] Goal reached\n"[m[K, this->name());
      |                                          [01;35m[K^~~~~~~~~~~~~~~~~~~~~[m[K
[01m[K/home/yyj/my_ws/src/cart_park_autonomy/src/gotocart_behavior.cpp:67:45:[m[K [01;36m[Knote: [m[Kformat string is defined here
   67 |     RCLCPP_INFO(node_ptr_->get_logger(), "[[01;36m[K%s[m[K] Goal reached\n", this->name());
      |                                            [01;36m[K~^[m[K
      |                                             [01;36m[K|[m[K
      |                                             [01;36m[Kchar*[m[K
In file included from [01m[K/opt/ros/humble/include/rclcpp/rclcpp/logging.hpp:24[m[K,
                 from [01m[K/opt/ros/humble/include/rclcpp/rclcpp/client.hpp:40[m[K,
                 from [01m[K/opt/ros/humble/include/rclcpp/rclcpp/callback_group.hpp:24[m[K,
                 from [01m[K/opt/ros/humble/include/rclcpp/rclcpp/any_executable.hpp:20[m[K,
                 from [01m[K/opt/ros/humble/include/rclcpp/rclcpp/memory_strategy.hpp:25[m[K,
                 from [01m[K/opt/ros/humble/include/rclcpp/rclcpp/memory_strategies.hpp:18[m[K,
                 from [01m[K/opt/ros/humble/include/rclcpp/rclcpp/executor_options.hpp:20[m[K,
                 from [01m[K/opt/ros/humble/include/rclcpp/rclcpp/executor.hpp:37[m[K,
                 from [01m[K/opt/ros/humble/include/rclcpp/rclcpp/executors/multi_threaded_executor.hpp:25[m[K,
                 from [01m[K/opt/ros/humble/include/rclcpp/rclcpp/executors.hpp:21[m[K,
                 from [01m[K/opt/ros/humble/include/rclcpp/rclcpp/rclcpp.hpp:155[m[K,
                 from [01m[K/home/yyj/my_ws/src/cart_park_autonomy/include/patrol_behavior.h:1[m[K,
                 from [01m[K/home/yyj/my_ws/src/cart_park_autonomy/src/patrol_behavior.cpp:1[m[K:
[01m[K/home/yyj/my_ws/src/cart_park_autonomy/src/patrol_behavior.cpp:[m[K In member function â€˜[01m[Kvirtual BT::NodeStatus Patrol::onRunning()[m[Kâ€™:
[01m[K/home/yyj/my_ws/src/cart_park_autonomy/src/patrol_behavior.cpp:100:42:[m[K [01;35m[Kwarning: [m[Kformat â€˜[01m[K%s[m[Kâ€™ expects argument of type â€˜[01m[Kchar*[m[Kâ€™, but argument 5 has type â€˜[01m[Kconst string[m[Kâ€™ {aka â€˜[01m[Kconst std::__cxx11::basic_string<char>[m[Kâ€™} [[01;35m[K]8;;https://gcc.gnu.org/onlinedocs/gcc/Warning-Options.html#index-Wformat=-Wformat=]8;;[m[K]
  100 |     RCLCPP_INFO(node_ptr_->get_logger(), [01;35m[K"[%s] Goal reached\n"[m[K, this->name());
      |                                          [01;35m[K^~~~~~~~~~~~~~~~~~~~~[m[K
[01m[K/home/yyj/my_ws/src/cart_park_autonomy/src/patrol_behavior.cpp:100:45:[m[K [01;36m[Knote: [m[Kformat string is defined here
  100 |     RCLCPP_INFO(node_ptr_->get_logger(), "[[01;36m[K%s[m[K] Goal reached\n", this->name());
      |                                            [01;36m[K~^[m[K
      |                                             [01;36m[K|[m[K
      |                                             [01;36m[Kchar*[m[K
gmake[2]: *** [CMakeFiles/autonomy_node.dir/build.make:76: CMakeFiles/autonomy_node.dir/src/autonomy_node.cpp.o] Error 1
gmake[2]: *** Waiting for unfinished jobs....
gmake[1]: *** [CMakeFiles/Makefile2:137: CMakeFiles/autonomy_node.dir/all] Error 2
gmake: *** [Makefile:146: all] Error 2
