[0.040s] Invoking command in '/home/yyj/my_ws/build/cart_park_autonomy': AMENT_PREFIX_PATH=/home/yyj/my_ws/install/my_action_interface:${AMENT_PREFIX_PATH} CMAKE_PREFIX_PATH=/home/yyj/my_ws/install/my_action_interface:/opt/ros/humble LD_LIBRARY_PATH=/home/yyj/my_ws/install/my_action_interface/lib:${LD_LIBRARY_PATH} PYTHONPATH=/home/yyj/my_ws/install/my_action_interface/local/lib/python3.10/dist-packages:${PYTHONPATH} /usr/bin/cmake /home/yyj/my_ws/src/cart_park_autonomy -DCMAKE_INSTALL_PREFIX=/home/yyj/my_ws/install/cart_park_autonomy
[0.252s] -- The C compiler identification is GNU 11.4.0
[0.457s] -- The CXX compiler identification is GNU 11.4.0
[0.480s] -- Detecting C compiler ABI info
[0.719s] -- Detecting C compiler ABI info - done
[0.752s] -- Check for working C compiler: /usr/bin/cc - skipped
[0.753s] -- Detecting C compile features
[0.755s] -- Detecting C compile features - done
[0.767s] -- Detecting CXX compiler ABI info
[1.044s] -- Detecting CXX compiler ABI info - done
[1.072s] -- Check for working CXX compiler: /usr/bin/c++ - skipped
[1.073s] -- Detecting CXX compile features
[1.075s] -- Detecting CXX compile features - done
[1.086s] -- Found ament_cmake: 1.3.8 (/opt/ros/humble/share/ament_cmake/cmake)
[1.695s] -- Found Python3: /usr/bin/python3 (found version "3.10.12") found components: Interpreter 
[2.119s] -- Found rclcpp: 16.0.8 (/opt/ros/humble/share/rclcpp/cmake)
[2.332s] -- Found rosidl_generator_c: 3.1.5 (/opt/ros/humble/share/rosidl_generator_c/cmake)
[2.357s] -- Found rosidl_adapter: 3.1.5 (/opt/ros/humble/share/rosidl_adapter/cmake)
[2.398s] -- Found rosidl_generator_cpp: 3.1.5 (/opt/ros/humble/share/rosidl_generator_cpp/cmake)
[2.463s] -- Using all available rosidl_typesupport_c: rosidl_typesupport_fastrtps_c;rosidl_typesupport_introspection_c
[2.559s] -- Using all available rosidl_typesupport_cpp: rosidl_typesupport_fastrtps_cpp;rosidl_typesupport_introspection_cpp
[2.862s] -- Found rmw_implementation_cmake: 6.1.1 (/opt/ros/humble/share/rmw_implementation_cmake/cmake)
[2.873s] -- Found rmw_fastrtps_cpp: 6.2.6 (/opt/ros/humble/share/rmw_fastrtps_cpp/cmake)
[3.218s] -- Found OpenSSL: /usr/lib/x86_64-linux-gnu/libcrypto.so (found version "3.0.2")  
[3.329s] -- Found FastRTPS: /opt/ros/humble/include  
[3.537s] -- Using RMW implementation 'rmw_fastrtps_cpp' as default
[3.582s] -- Looking for pthread.h
[3.786s] -- Looking for pthread.h - found
[3.788s] -- Performing Test CMAKE_HAVE_LIBC_PTHREAD
[3.975s] -- Performing Test CMAKE_HAVE_LIBC_PTHREAD - Success
[3.979s] -- Found Threads: TRUE  
[4.443s] -- Found rclcpp_action: 16.0.8 (/opt/ros/humble/share/rclcpp_action/cmake)
[4.832s] -- Found nav2_msgs: 1.1.13 (/opt/ros/humble/share/nav2_msgs/cmake)
[6.257s] -- Found tf2: 0.25.6 (/opt/ros/humble/share/tf2/cmake)
[6.327s] -- Found tf2_geometry_msgs: 0.25.6 (/opt/ros/humble/share/tf2_geometry_msgs/cmake)
[6.398s] -- Found eigen3_cmake_module: 0.1.1 (/opt/ros/humble/share/eigen3_cmake_module/cmake)
[6.404s] -- Found Eigen3: TRUE (found version "3.4.0") 
[6.405s] -- Ensuring Eigen3 include directory is part of orocos-kdl CMake target
[7.659s] -- Found my_action_interface: 0.0.0 (/home/yyj/my_ws/install/my_action_interface/share/my_action_interface/cmake)
[7.925s] -- Found ament_lint_auto: 0.12.10 (/opt/ros/humble/share/ament_lint_auto/cmake)
[8.372s] -- Added test 'copyright' to check source files copyright and LICENSE
[8.409s] -- Added test 'cppcheck' to perform static code analysis on C / C++ code
[8.431s] -- Configured cppcheck include dirs: /home/yyj/my_ws/src/cart_park_autonomy/include
[8.431s] -- Configured cppcheck exclude dirs and/or files: 
[8.459s] -- Added test 'cpplint' to check C / C++ code against the Google style
[8.460s] -- Configured cpplint exclude dirs and/or files: 
[8.489s] -- Added test 'flake8' to check Python code syntax and style conventions
[8.498s] -- Added test 'lint_cmake' to check CMake code style
[8.506s] -- Added test 'pep257' to check Python code against some of the docstring style conventions in PEP 257
[8.531s] -- Added test 'uncrustify' to check C / C++ code style
[8.532s] -- Configured uncrustify additional arguments: 
[8.543s] -- Added test 'xmllint' to check XML markup files
[8.543s] -- Configuring done
[8.603s] -- Generating done
[8.610s] -- Build files have been written to: /home/yyj/my_ws/build/cart_park_autonomy
[8.698s] Invoked command in '/home/yyj/my_ws/build/cart_park_autonomy' returned '0': AMENT_PREFIX_PATH=/home/yyj/my_ws/install/my_action_interface:${AMENT_PREFIX_PATH} CMAKE_PREFIX_PATH=/home/yyj/my_ws/install/my_action_interface:/opt/ros/humble LD_LIBRARY_PATH=/home/yyj/my_ws/install/my_action_interface/lib:${LD_LIBRARY_PATH} PYTHONPATH=/home/yyj/my_ws/install/my_action_interface/local/lib/python3.10/dist-packages:${PYTHONPATH} /usr/bin/cmake /home/yyj/my_ws/src/cart_park_autonomy -DCMAKE_INSTALL_PREFIX=/home/yyj/my_ws/install/cart_park_autonomy
[8.705s] Invoking command in '/home/yyj/my_ws/build/cart_park_autonomy': AMENT_PREFIX_PATH=/home/yyj/my_ws/install/my_action_interface:${AMENT_PREFIX_PATH} CMAKE_PREFIX_PATH=/home/yyj/my_ws/install/my_action_interface:/opt/ros/humble LD_LIBRARY_PATH=/home/yyj/my_ws/install/my_action_interface/lib:${LD_LIBRARY_PATH} PYTHONPATH=/home/yyj/my_ws/install/my_action_interface/local/lib/python3.10/dist-packages:${PYTHONPATH} /usr/bin/cmake --build /home/yyj/my_ws/build/cart_park_autonomy -- -j16 -l16
[9.308s] [ 14%] [32mBuilding CXX object CMakeFiles/autonomy_node.dir/src/autonomy_node.cpp.o[0m
[9.351s] [ 28%] [32mBuilding CXX object CMakeFiles/autonomy_node.dir/src/gotocart_behavior.cpp.o[0m
[9.351s] [ 42%] [32mBuilding CXX object CMakeFiles/autonomy_node.dir/src/open_gripper_behavior.cpp.o[0m
[9.355s] [ 71%] [32mBuilding CXX object CMakeFiles/autonomy_node.dir/src/patrol_behavior.cpp.o[0m
[9.355s] [ 71%] [32mBuilding CXX object CMakeFiles/autonomy_node.dir/src/parkcart_behavior.cpp.o[0m
[9.356s] [ 85%] [32mBuilding CXX object CMakeFiles/autonomy_node.dir/src/dockcart_behavior.cpp.o[0m
[12.307s] In file included from [01m[K/home/yyj/my_ws/src/cart_park_autonomy/include/gotocart_behavior.h:7[m[K,
[12.308s]                  from [01m[K/home/yyj/my_ws/src/cart_park_autonomy/src/gotocart_behavior.cpp:1[m[K:
[12.308s] [01m[K/opt/ros/humble/include/tf2_geometry_msgs/tf2_geometry_msgs/tf2_geometry_msgs.h:35:2:[m[K [01;35m[Kwarning: [m[K#warning This header is obsolete, please include tf2_geometry_msgs/tf2_geometry_msgs.hpp instead [[01;35m[K]8;;https://gcc.gnu.org/onlinedocs/gcc/Warning-Options.html#index-Wcpp-Wcpp]8;;[m[K]
[12.308s]    35 | #[01;35m[Kwarning[m[K This header is obsolete, please include tf2_geometry_msgs/tf2_geometry_msgs.hpp instead
[12.308s]       |  [01;35m[K^~~~~~~[m[K
[12.457s] In file included from [01m[K/home/yyj/my_ws/src/cart_park_autonomy/include/patrol_behavior.h:7[m[K,
[12.457s]                  from [01m[K/home/yyj/my_ws/src/cart_park_autonomy/src/patrol_behavior.cpp:1[m[K:
[12.458s] [01m[K/opt/ros/humble/include/tf2_geometry_msgs/tf2_geometry_msgs/tf2_geometry_msgs.h:35:2:[m[K [01;35m[Kwarning: [m[K#warning This header is obsolete, please include tf2_geometry_msgs/tf2_geometry_msgs.hpp instead [[01;35m[K]8;;https://gcc.gnu.org/onlinedocs/gcc/Warning-Options.html#index-Wcpp-Wcpp]8;;[m[K]
[12.458s]    35 | #[01;35m[Kwarning[m[K This header is obsolete, please include tf2_geometry_msgs/tf2_geometry_msgs.hpp instead
[12.459s]       |  [01;35m[K^~~~~~~[m[K
[12.463s] In file included from [01m[K/home/yyj/my_ws/src/cart_park_autonomy/include/patrol_behavior.h:7[m[K,
[12.463s]                  from [01m[K/home/yyj/my_ws/src/cart_park_autonomy/include/autonomy_node.h:3[m[K,
[12.463s]                  from [01m[K/home/yyj/my_ws/src/cart_park_autonomy/src/autonomy_node.cpp:1[m[K:
[12.464s] [01m[K/opt/ros/humble/include/tf2_geometry_msgs/tf2_geometry_msgs/tf2_geometry_msgs.h:35:2:[m[K [01;35m[Kwarning: [m[K#warning This header is obsolete, please include tf2_geometry_msgs/tf2_geometry_msgs.hpp instead [[01;35m[K]8;;https://gcc.gnu.org/onlinedocs/gcc/Warning-Options.html#index-Wcpp-Wcpp]8;;[m[K]
[12.464s]    35 | #[01;35m[Kwarning[m[K This header is obsolete, please include tf2_geometry_msgs/tf2_geometry_msgs.hpp instead
[12.465s]       |  [01;35m[K^~~~~~~[m[K
[12.471s] In file included from [01m[K/home/yyj/my_ws/src/cart_park_autonomy/include/parkcart_behavior.h:7[m[K,
[12.472s]                  from [01m[K/home/yyj/my_ws/src/cart_park_autonomy/src/parkcart_behavior.cpp:1[m[K:
[12.472s] [01m[K/opt/ros/humble/include/tf2_geometry_msgs/tf2_geometry_msgs/tf2_geometry_msgs.h:35:2:[m[K [01;35m[Kwarning: [m[K#warning This header is obsolete, please include tf2_geometry_msgs/tf2_geometry_msgs.hpp instead [[01;35m[K]8;;https://gcc.gnu.org/onlinedocs/gcc/Warning-Options.html#index-Wcpp-Wcpp]8;;[m[K]
[12.473s]    35 | #[01;35m[Kwarning[m[K This header is obsolete, please include tf2_geometry_msgs/tf2_geometry_msgs.hpp instead
[12.473s]       |  [01;35m[K^~~~~~~[m[K
[26.576s] [01m[K/home/yyj/my_ws/src/cart_park_autonomy/src/open_gripper_behavior.cpp:[m[K In member function â€˜[01m[Kvoid OpenGripper::feedback_callback(rclcpp_action::ClientGoalHandle<my_action_interface::action::Open>::SharedPtr, std::shared_ptr<const my_action_interface::action::Open_Feedback_<std::allocator<void> > >)[m[Kâ€™:
[26.577s] [01m[K/home/yyj/my_ws/src/cart_park_autonomy/src/open_gripper_behavior.cpp:58:108:[m[K [01;35m[Kwarning: [m[Kunused parameter â€˜[01m[Kfeedback[m[Kâ€™ [[01;35m[K]8;;https://gcc.gnu.org/onlinedocs/gcc/Warning-Options.html#index-Wunused-parameter-Wunused-parameter]8;;[m[K]
[26.577s]    58 | void OpenGripper::feedback_callback(GoalHandleOpen::SharedPtr, [01;35m[Kconst std::shared_ptr<const Open::Feedback> feedback[m[K)
[26.577s]       |                                                                [01;35m[K~~~~~~~~~~~~~~~~~~~~~~~~~~~~~~~~~~~~~~~~~~~~^~~~~~~~[m[K
[27.292s] In file included from [01m[K/opt/ros/humble/include/rclcpp/rclcpp/logging.hpp:24[m[K,
[27.292s]                  from [01m[K/opt/ros/humble/include/rclcpp/rclcpp/client.hpp:40[m[K,
[27.293s]                  from [01m[K/opt/ros/humble/include/rclcpp/rclcpp/callback_group.hpp:24[m[K,
[27.293s]                  from [01m[K/opt/ros/humble/include/rclcpp/rclcpp/any_executable.hpp:20[m[K,
[27.293s]                  from [01m[K/opt/ros/humble/include/rclcpp/rclcpp/memory_strategy.hpp:25[m[K,
[27.293s]                  from [01m[K/opt/ros/humble/include/rclcpp/rclcpp/memory_strategies.hpp:18[m[K,
[27.293s]                  from [01m[K/opt/ros/humble/include/rclcpp/rclcpp/executor_options.hpp:20[m[K,
[27.294s]                  from [01m[K/opt/ros/humble/include/rclcpp/rclcpp/executor.hpp:37[m[K,
[27.294s]                  from [01m[K/opt/ros/humble/include/rclcpp/rclcpp/executors/multi_threaded_executor.hpp:25[m[K,
[27.294s]                  from [01m[K/opt/ros/humble/include/rclcpp/rclcpp/executors.hpp:21[m[K,
[27.294s]                  from [01m[K/opt/ros/humble/include/rclcpp/rclcpp/rclcpp.hpp:155[m[K,
[27.295s]                  from [01m[K/home/yyj/my_ws/src/cart_park_autonomy/include/dockcart_behavior.h:1[m[K,
[27.295s]                  from [01m[K/home/yyj/my_ws/src/cart_park_autonomy/src/dockcart_behavior.cpp:1[m[K:
[27.295s] [01m[K/home/yyj/my_ws/src/cart_park_autonomy/src/dockcart_behavior.cpp:[m[K In member function â€˜[01m[Kvirtual BT::NodeStatus DockCart::onRunning()[m[Kâ€™:
[27.295s] [01m[K/home/yyj/my_ws/src/cart_park_autonomy/src/dockcart_behavior.cpp:57:42:[m[K [01;35m[Kwarning: [m[Kformat â€˜[01m[K%s[m[Kâ€™ expects argument of type â€˜[01m[Kchar*[m[Kâ€™, but argument 5 has type â€˜[01m[Kconst string[m[Kâ€™ {aka â€˜[01m[Kconst std::__cxx11::basic_string<char>[m[Kâ€™} [[01;35m[K]8;;https://gcc.gnu.org/onlinedocs/gcc/Warning-Options.html#index-Wformat=-Wformat=]8;;[m[K]
[27.295s]    57 |     RCLCPP_INFO(node_ptr_->get_logger(), [01;35m[K"[%s] DOCK SUCCESS\n"[m[K, this->name());
[27.295s]       |                                          [01;35m[K^~~~~~~~~~~~~~~~~~~~~[m[K
[27.296s] [01m[K/home/yyj/my_ws/src/cart_park_autonomy/src/dockcart_behavior.cpp:57:45:[m[K [01;36m[Knote: [m[Kformat string is defined here
[27.296s]    57 |     RCLCPP_INFO(node_ptr_->get_logger(), "[[01;36m[K%s[m[K] DOCK SUCCESS\n", this->name());
[27.296s]       |                                            [01;36m[K~^[m[K
[27.296s]       |                                             [01;36m[K|[m[K
[27.296s]       |                                             [01;36m[Kchar*[m[K
[29.619s] In file included from [01m[K/home/yyj/my_ws/src/cart_park_autonomy/include/autonomy_node.h:3[m[K,
[29.619s]                  from [01m[K/home/yyj/my_ws/src/cart_park_autonomy/src/autonomy_node.cpp:1[m[K:
[29.619s] [01m[K/home/yyj/my_ws/src/cart_park_autonomy/include/patrol_behavior.h:[m[K In constructor â€˜[01m[KRetry::Retry(const string&, const BT::NodeConfiguration&)[m[Kâ€™:
[29.619s] [01m[K/home/yyj/my_ws/src/cart_park_autonomy/include/patrol_behavior.h:67:65:[m[K [01;35m[Kwarning: [m[Kunused parameter â€˜[01m[Kconfig[m[Kâ€™ [[01;35m[K]8;;https://gcc.gnu.org/onlinedocs/gcc/Warning-Options.html#index-Wunused-parameter-Wunused-parameter]8;;[m[K]
[29.620s]    67 |     Retry(const std::string& name, [01;35m[Kconst BT::NodeConfiguration& config[m[K)
[29.620s]       |                                    [01;35m[K~~~~~~~~~~~~~~~~~~~~~~~~~~~~~^~~~~~[m[K
[29.898s] In file included from [01m[K/opt/ros/humble/include/rclcpp/rclcpp/logging.hpp:24[m[K,
[29.899s]                  from [01m[K/opt/ros/humble/include/rclcpp/rclcpp/client.hpp:40[m[K,
[29.899s]                  from [01m[K/opt/ros/humble/include/rclcpp/rclcpp/callback_group.hpp:24[m[K,
[29.899s]                  from [01m[K/opt/ros/humble/include/rclcpp/rclcpp/any_executable.hpp:20[m[K,
[29.900s]                  from [01m[K/opt/ros/humble/include/rclcpp/rclcpp/memory_strategy.hpp:25[m[K,
[29.900s]                  from [01m[K/opt/ros/humble/include/rclcpp/rclcpp/memory_strategies.hpp:18[m[K,
[29.900s]                  from [01m[K/opt/ros/humble/include/rclcpp/rclcpp/executor_options.hpp:20[m[K,
[29.900s]                  from [01m[K/opt/ros/humble/include/rclcpp/rclcpp/executor.hpp:37[m[K,
[29.901s]                  from [01m[K/opt/ros/humble/include/rclcpp/rclcpp/executors/multi_threaded_executor.hpp:25[m[K,
[29.901s]                  from [01m[K/opt/ros/humble/include/rclcpp/rclcpp/executors.hpp:21[m[K,
[29.901s]                  from [01m[K/opt/ros/humble/include/rclcpp/rclcpp/rclcpp.hpp:155[m[K,
[29.901s]                  from [01m[K/home/yyj/my_ws/src/cart_park_autonomy/include/parkcart_behavior.h:1[m[K,
[29.901s]                  from [01m[K/home/yyj/my_ws/src/cart_park_autonomy/src/parkcart_behavior.cpp:1[m[K:
[29.902s] [01m[K/home/yyj/my_ws/src/cart_park_autonomy/src/parkcart_behavior.cpp:[m[K In member function â€˜[01m[Kvirtual BT::NodeStatus ParkCart::onRunning()[m[Kâ€™:
[29.902s] [01m[K/home/yyj/my_ws/src/cart_park_autonomy/src/parkcart_behavior.cpp:55:42:[m[K [01;35m[Kwarning: [m[Kformat â€˜[01m[K%s[m[Kâ€™ expects argument of type â€˜[01m[Kchar*[m[Kâ€™, but argument 5 has type â€˜[01m[Kconst string[m[Kâ€™ {aka â€˜[01m[Kconst std::__cxx11::basic_string<char>[m[Kâ€™} [[01;35m[K]8;;https://gcc.gnu.org/onlinedocs/gcc/Warning-Options.html#index-Wformat=-Wformat=]8;;[m[K]
[29.902s]    55 |     RCLCPP_INFO(node_ptr_->get_logger(), [01;35m[K"[%s] PARK SUCCESS\n"[m[K, this->name());
[29.902s]       |                                          [01;35m[K^~~~~~~~~~~~~~~~~~~~~[m[K
[29.903s] [01m[K/home/yyj/my_ws/src/cart_park_autonomy/src/parkcart_behavior.cpp:55:45:[m[K [01;36m[Knote: [m[Kformat string is defined here
[29.903s]    55 |     RCLCPP_INFO(node_ptr_->get_logger(), "[[01;36m[K%s[m[K] PARK SUCCESS\n", this->name());
[29.903s]       |                                            [01;36m[K~^[m[K
[29.903s]       |                                             [01;36m[K|[m[K
[29.903s]       |                                             [01;36m[Kchar*[m[K
[30.132s] In file included from [01m[K/home/yyj/my_ws/src/cart_park_autonomy/src/patrol_behavior.cpp:1[m[K:
[30.133s] [01m[K/home/yyj/my_ws/src/cart_park_autonomy/include/patrol_behavior.h:[m[K In constructor â€˜[01m[KRetry::Retry(const string&, const BT::NodeConfiguration&)[m[Kâ€™:
[30.133s] [01m[K/home/yyj/my_ws/src/cart_park_autonomy/include/patrol_behavior.h:67:65:[m[K [01;35m[Kwarning: [m[Kunused parameter â€˜[01m[Kconfig[m[Kâ€™ [[01;35m[K]8;;https://gcc.gnu.org/onlinedocs/gcc/Warning-Options.html#index-Wunused-parameter-Wunused-parameter]8;;[m[K]
[30.133s]    67 |     Retry(const std::string& name, [01;35m[Kconst BT::NodeConfiguration& config[m[K)
[30.133s]       |                                    [01;35m[K~~~~~~~~~~~~~~~~~~~~~~~~~~~~~^~~~~~[m[K
[30.208s] [01m[K/home/yyj/my_ws/src/cart_park_autonomy/src/autonomy_node.cpp:[m[K In lambda function:
[30.208s] [01m[K/home/yyj/my_ws/src/cart_park_autonomy/src/autonomy_node.cpp:69:29:[m[K [01;31m[Kerror: [m[Kâ€˜[01m[KOpenGripper[m[Kâ€™ was not declared in this scope
[30.208s]    69 |     return std::make_unique<[01;31m[KOpenGripper[m[K>(name, config, shared_from_this());
[30.209s]       |                             [01;31m[K^~~~~~~~~~~[m[K
[30.209s] [01m[K/home/yyj/my_ws/src/cart_park_autonomy/src/autonomy_node.cpp:69:41:[m[K [01;31m[Kerror: [m[Kno matching function for call to â€˜[01m[Kmake_unique<<expression error> >(const string&, const BT::NodeConfiguration&, std::shared_ptr<rclcpp::Node>)[m[Kâ€™
[30.209s]    69 |     return [01;31m[Kstd::make_unique<OpenGripper>(name, config, shared_from_this())[m[K;
[30.209s]       |            [01;31m[K~~~~~~~~~~~~~~~~~~~~~~~~~~~~~^~~~~~~~~~~~~~~~~~~~~~~~~~~~~~~~~~[m[K
[30.209s] In file included from [01m[K/usr/include/c++/11/memory:76[m[K,
[30.209s]                  from [01m[K/opt/ros/humble/include/rclcpp/rclcpp/rclcpp.hpp:153[m[K,
[30.210s]                  from [01m[K/home/yyj/my_ws/src/cart_park_autonomy/include/autonomy_node.h:1[m[K,
[30.210s]                  from [01m[K/home/yyj/my_ws/src/cart_park_autonomy/src/autonomy_node.cpp:1[m[K:
[30.210s] [01m[K/usr/include/c++/11/bits/unique_ptr.h:961:5:[m[K [01;36m[Knote: [m[Kcandidate: â€˜[01m[Ktemplate<class _Tp, class ... _Args> typename std::_MakeUniq<_Tp>::__single_object std::make_unique(_Args&& ...)[m[Kâ€™
[30.210s]   961 |     [01;36m[Kmake_unique[m[K(_Args&&... __args)
[30.211s]       |     [01;36m[K^~~~~~~~~~~[m[K
[30.211s] [01m[K/usr/include/c++/11/bits/unique_ptr.h:961:5:[m[K [01;36m[Knote: [m[K  template argument deduction/substitution failed:
[30.211s] [01m[K/home/yyj/my_ws/src/cart_park_autonomy/src/autonomy_node.cpp:69:41:[m[K [01;31m[Kerror: [m[Ktemplate argument 1 is invalid
[30.212s]    69 |     return [01;31m[Kstd::make_unique<OpenGripper>(name, config, shared_from_this())[m[K;
[30.212s]       |            [01;31m[K~~~~~~~~~~~~~~~~~~~~~~~~~~~~~^~~~~~~~~~~~~~~~~~~~~~~~~~~~~~~~~~[m[K
[30.212s] In file included from [01m[K/usr/include/c++/11/memory:76[m[K,
[30.212s]                  from [01m[K/opt/ros/humble/include/rclcpp/rclcpp/rclcpp.hpp:153[m[K,
[30.213s]                  from [01m[K/home/yyj/my_ws/src/cart_park_autonomy/include/autonomy_node.h:1[m[K,
[30.213s]                  from [01m[K/home/yyj/my_ws/src/cart_park_autonomy/src/autonomy_node.cpp:1[m[K:
[30.213s] [01m[K/usr/include/c++/11/bits/unique_ptr.h:967:5:[m[K [01;36m[Knote: [m[Kcandidate: â€˜[01m[Ktemplate<class _Tp> typename std::_MakeUniq<_Tp>::__array std::make_unique(std::size_t)[m[Kâ€™
[30.213s]   967 |     [01;36m[Kmake_unique[m[K(size_t __num)
[30.213s]       |     [01;36m[K^~~~~~~~~~~[m[K
[30.214s] [01m[K/usr/include/c++/11/bits/unique_ptr.h:967:5:[m[K [01;36m[Knote: [m[K  template argument deduction/substitution failed:
[30.214s] [01m[K/home/yyj/my_ws/src/cart_park_autonomy/src/autonomy_node.cpp:69:41:[m[K [01;31m[Kerror: [m[Ktemplate argument 1 is invalid
[30.214s]    69 |     return [01;31m[Kstd::make_unique<OpenGripper>(name, config, shared_from_this())[m[K;
[30.215s]       |            [01;31m[K~~~~~~~~~~~~~~~~~~~~~~~~~~~~~^~~~~~~~~~~~~~~~~~~~~~~~~~~~~~~~~~[m[K
[30.215s] In file included from [01m[K/usr/include/c++/11/memory:76[m[K,
[30.215s]                  from [01m[K/opt/ros/humble/include/rclcpp/rclcpp/rclcpp.hpp:153[m[K,
[30.215s]                  from [01m[K/home/yyj/my_ws/src/cart_park_autonomy/include/autonomy_node.h:1[m[K,
[30.215s]                  from [01m[K/home/yyj/my_ws/src/cart_park_autonomy/src/autonomy_node.cpp:1[m[K:
[30.215s] [01m[K/usr/include/c++/11/bits/unique_ptr.h:973:5:[m[K [01;36m[Knote: [m[Kcandidate: â€˜[01m[Ktemplate<class _Tp, class ... _Args> typename std::_MakeUniq<_Tp>::__invalid_type std::make_unique(_Args&& ...)[m[Kâ€™ (deleted)
[30.216s]   973 |     [01;36m[Kmake_unique[m[K(_Args&&...) = delete;
[30.216s]       |     [01;36m[K^~~~~~~~~~~[m[K
[30.216s] [01m[K/usr/include/c++/11/bits/unique_ptr.h:973:5:[m[K [01;36m[Knote: [m[K  template argument deduction/substitution failed:
[30.216s] [01m[K/home/yyj/my_ws/src/cart_park_autonomy/src/autonomy_node.cpp:69:41:[m[K [01;31m[Kerror: [m[Ktemplate argument 1 is invalid
[30.216s]    69 |     return [01;31m[Kstd::make_unique<OpenGripper>(name, config, shared_from_this())[m[K;
[30.217s]       |            [01;31m[K~~~~~~~~~~~~~~~~~~~~~~~~~~~~~^~~~~~~~~~~~~~~~~~~~~~~~~~~~~~~~~~[m[K
[30.217s] [01m[K/home/yyj/my_ws/src/cart_park_autonomy/src/autonomy_node.cpp:[m[K In member function â€˜[01m[Kvoid AutonomyNode::create_behavior_tree()[m[Kâ€™:
[30.217s] [01m[K/home/yyj/my_ws/src/cart_park_autonomy/src/autonomy_node.cpp:70:3:[m[K [01;31m[Kerror: [m[Kconversion from â€˜[01m[KAutonomyNode::create_behavior_tree()::<lambda(const string&, const BT::NodeConfiguration&)>[m[Kâ€™ to non-scalar type â€˜[01m[KBT::NodeBuilder[m[Kâ€™ {aka â€˜[01m[Kstd::function<std::unique_ptr<BT::TreeNode>(const std::__cxx11::basic_string<char>&, const BT::NodeConfiguration&)>[m[Kâ€™} requested
[30.217s]    70 |   [01;31m[K}[m[K;
[30.217s]       |   [01;31m[K^[m[K
[30.248s] [01m[K/home/yyj/my_ws/src/cart_park_autonomy/src/autonomy_node.cpp:71:27:[m[K [01;31m[Kerror: [m[Kâ€˜[01m[KOpenGripper[m[Kâ€™ was not declared in this scope
[30.248s]    71 |   factory.registerBuilder<[01;31m[KOpenGripper[m[K>("OpenGripper", builder_opengripper);
[30.249s]       |                           [01;31m[K^~~~~~~~~~~[m[K
[30.249s] [01m[K/home/yyj/my_ws/src/cart_park_autonomy/src/autonomy_node.cpp:71:39:[m[K [01;31m[Kerror: [m[Kno matching function for call to â€˜[01m[KBT::BehaviorTreeFactory::registerBuilder<<expression error> >(const char [12], BT::NodeBuilder&)[m[Kâ€™
[30.249s]    71 |   [01;31m[Kfactory.registerBuilder<OpenGripper>("OpenGripper", builder_opengripper)[m[K;
[30.249s]       |   [01;31m[K~~~~~~~~~~~~~~~~~~~~~~~~~~~~~~~~~~~~^~~~~~~~~~~~~~~~~~~~~~~~~~~~~~~~~~~~[m[K
[30.250s] In file included from [01m[K/home/yyj/my_ws/src/cart_park_autonomy/include/autonomy_node.h:2[m[K,
[30.250s]                  from [01m[K/home/yyj/my_ws/src/cart_park_autonomy/src/autonomy_node.cpp:1[m[K:
[30.250s] [01m[K/opt/ros/humble/include/behaviortree_cpp_v3/bt_factory.h:267:8:[m[K [01;36m[Knote: [m[Kcandidate: â€˜[01m[Ktemplate<class T> void BT::BehaviorTreeFactory::registerBuilder(const string&, const NodeBuilder&)[m[Kâ€™
[30.250s]   267 |   void [01;36m[KregisterBuilder[m[K(const std::string& ID, const NodeBuilder& builder)
[30.250s]       |        [01;36m[K^~~~~~~~~~~~~~~[m[K
[30.250s] [01m[K/opt/ros/humble/include/behaviortree_cpp_v3/bt_factory.h:267:8:[m[K [01;36m[Knote: [m[K  template argument deduction/substitution failed:
[30.251s] [01m[K/home/yyj/my_ws/src/cart_park_autonomy/src/autonomy_node.cpp:71:39:[m[K [01;31m[Kerror: [m[Ktemplate argument 1 is invalid
[30.251s]    71 |   [01;31m[Kfactory.registerBuilder<OpenGripper>("OpenGripper", builder_opengripper)[m[K;
[30.251s]       |   [01;31m[K~~~~~~~~~~~~~~~~~~~~~~~~~~~~~~~~~~~~^~~~~~~~~~~~~~~~~~~~~~~~~~~~~~~~~~~~[m[K
[30.309s] In file included from [01m[K/opt/ros/humble/include/rclcpp/rclcpp/logging.hpp:24[m[K,
[30.309s]                  from [01m[K/opt/ros/humble/include/rclcpp/rclcpp/client.hpp:40[m[K,
[30.310s]                  from [01m[K/opt/ros/humble/include/rclcpp/rclcpp/callback_group.hpp:24[m[K,
[30.310s]                  from [01m[K/opt/ros/humble/include/rclcpp/rclcpp/any_executable.hpp:20[m[K,
[30.310s]                  from [01m[K/opt/ros/humble/include/rclcpp/rclcpp/memory_strategy.hpp:25[m[K,
[30.310s]                  from [01m[K/opt/ros/humble/include/rclcpp/rclcpp/memory_strategies.hpp:18[m[K,
[30.310s]                  from [01m[K/opt/ros/humble/include/rclcpp/rclcpp/executor_options.hpp:20[m[K,
[30.310s]                  from [01m[K/opt/ros/humble/include/rclcpp/rclcpp/executor.hpp:37[m[K,
[30.311s]                  from [01m[K/opt/ros/humble/include/rclcpp/rclcpp/executors/multi_threaded_executor.hpp:25[m[K,
[30.311s]                  from [01m[K/opt/ros/humble/include/rclcpp/rclcpp/executors.hpp:21[m[K,
[30.311s]                  from [01m[K/opt/ros/humble/include/rclcpp/rclcpp/rclcpp.hpp:155[m[K,
[30.311s]                  from [01m[K/home/yyj/my_ws/src/cart_park_autonomy/include/gotocart_behavior.h:1[m[K,
[30.311s]                  from [01m[K/home/yyj/my_ws/src/cart_park_autonomy/src/gotocart_behavior.cpp:1[m[K:
[30.312s] [01m[K/home/yyj/my_ws/src/cart_park_autonomy/src/gotocart_behavior.cpp:[m[K In member function â€˜[01m[Kvirtual BT::NodeStatus GoToCart::onRunning()[m[Kâ€™:
[30.312s] [01m[K/home/yyj/my_ws/src/cart_park_autonomy/src/gotocart_behavior.cpp:67:42:[m[K [01;35m[Kwarning: [m[Kformat â€˜[01m[K%s[m[Kâ€™ expects argument of type â€˜[01m[Kchar*[m[Kâ€™, but argument 5 has type â€˜[01m[Kconst string[m[Kâ€™ {aka â€˜[01m[Kconst std::__cxx11::basic_string<char>[m[Kâ€™} [[01;35m[K]8;;https://gcc.gnu.org/onlinedocs/gcc/Warning-Options.html#index-Wformat=-Wformat=]8;;[m[K]
[30.312s]    67 |     RCLCPP_INFO(node_ptr_->get_logger(), [01;35m[K"[%s] Goal reached\n"[m[K, this->name());
[30.312s]       |                                          [01;35m[K^~~~~~~~~~~~~~~~~~~~~[m[K
[30.313s] [01m[K/home/yyj/my_ws/src/cart_park_autonomy/src/gotocart_behavior.cpp:67:45:[m[K [01;36m[Knote: [m[Kformat string is defined here
[30.313s]    67 |     RCLCPP_INFO(node_ptr_->get_logger(), "[[01;36m[K%s[m[K] Goal reached\n", this->name());
[30.313s]       |                                            [01;36m[K~^[m[K
[30.313s]       |                                             [01;36m[K|[m[K
[30.313s]       |                                             [01;36m[Kchar*[m[K
[30.770s] In file included from [01m[K/opt/ros/humble/include/rclcpp/rclcpp/logging.hpp:24[m[K,
[30.770s]                  from [01m[K/opt/ros/humble/include/rclcpp/rclcpp/client.hpp:40[m[K,
[30.770s]                  from [01m[K/opt/ros/humble/include/rclcpp/rclcpp/callback_group.hpp:24[m[K,
[30.770s]                  from [01m[K/opt/ros/humble/include/rclcpp/rclcpp/any_executable.hpp:20[m[K,
[30.771s]                  from [01m[K/opt/ros/humble/include/rclcpp/rclcpp/memory_strategy.hpp:25[m[K,
[30.771s]                  from [01m[K/opt/ros/humble/include/rclcpp/rclcpp/memory_strategies.hpp:18[m[K,
[30.771s]                  from [01m[K/opt/ros/humble/include/rclcpp/rclcpp/executor_options.hpp:20[m[K,
[30.771s]                  from [01m[K/opt/ros/humble/include/rclcpp/rclcpp/executor.hpp:37[m[K,
[30.772s]                  from [01m[K/opt/ros/humble/include/rclcpp/rclcpp/executors/multi_threaded_executor.hpp:25[m[K,
[30.772s]                  from [01m[K/opt/ros/humble/include/rclcpp/rclcpp/executors.hpp:21[m[K,
[30.772s]                  from [01m[K/opt/ros/humble/include/rclcpp/rclcpp/rclcpp.hpp:155[m[K,
[30.772s]                  from [01m[K/home/yyj/my_ws/src/cart_park_autonomy/include/patrol_behavior.h:1[m[K,
[30.772s]                  from [01m[K/home/yyj/my_ws/src/cart_park_autonomy/src/patrol_behavior.cpp:1[m[K:
[30.773s] [01m[K/home/yyj/my_ws/src/cart_park_autonomy/src/patrol_behavior.cpp:[m[K In member function â€˜[01m[Kvirtual BT::NodeStatus Patrol::onRunning()[m[Kâ€™:
[30.773s] [01m[K/home/yyj/my_ws/src/cart_park_autonomy/src/patrol_behavior.cpp:100:42:[m[K [01;35m[Kwarning: [m[Kformat â€˜[01m[K%s[m[Kâ€™ expects argument of type â€˜[01m[Kchar*[m[Kâ€™, but argument 5 has type â€˜[01m[Kconst string[m[Kâ€™ {aka â€˜[01m[Kconst std::__cxx11::basic_string<char>[m[Kâ€™} [[01;35m[K]8;;https://gcc.gnu.org/onlinedocs/gcc/Warning-Options.html#index-Wformat=-Wformat=]8;;[m[K]
[30.773s]   100 |     RCLCPP_INFO(node_ptr_->get_logger(), [01;35m[K"[%s] Goal reached\n"[m[K, this->name());
[30.773s]       |                                          [01;35m[K^~~~~~~~~~~~~~~~~~~~~[m[K
[30.774s] [01m[K/home/yyj/my_ws/src/cart_park_autonomy/src/patrol_behavior.cpp:100:45:[m[K [01;36m[Knote: [m[Kformat string is defined here
[30.774s]   100 |     RCLCPP_INFO(node_ptr_->get_logger(), "[[01;36m[K%s[m[K] Goal reached\n", this->name());
[30.774s]       |                                            [01;36m[K~^[m[K
[30.774s]       |                                             [01;36m[K|[m[K
[30.774s]       |                                             [01;36m[Kchar*[m[K
[35.860s] gmake[2]: *** [CMakeFiles/autonomy_node.dir/build.make:76: CMakeFiles/autonomy_node.dir/src/autonomy_node.cpp.o] Error 1
[35.860s] gmake[2]: *** Waiting for unfinished jobs....
[46.325s] gmake[1]: *** [CMakeFiles/Makefile2:137: CMakeFiles/autonomy_node.dir/all] Error 2
[46.326s] gmake: *** [Makefile:146: all] Error 2
[46.331s] Invoked command in '/home/yyj/my_ws/build/cart_park_autonomy' returned '2': AMENT_PREFIX_PATH=/home/yyj/my_ws/install/my_action_interface:${AMENT_PREFIX_PATH} CMAKE_PREFIX_PATH=/home/yyj/my_ws/install/my_action_interface:/opt/ros/humble LD_LIBRARY_PATH=/home/yyj/my_ws/install/my_action_interface/lib:${LD_LIBRARY_PATH} PYTHONPATH=/home/yyj/my_ws/install/my_action_interface/local/lib/python3.10/dist-packages:${PYTHONPATH} /usr/bin/cmake --build /home/yyj/my_ws/build/cart_park_autonomy -- -j16 -l16
